<?xml version="1.0" encoding="UTF-8"?>
<!-- Generated by org.testng.reporters.JUnitXMLReporter -->
<testsuite ignored="9" hostname="Lenovo-PC" failures="4" tests="4" name="sanitytest" time="1.803" errors="0" timestamp="2022-02-06T00:15:08 IST">
  <testcase classname="com.ProjectMain.Scripts.LoginTest" name="verifysigninInvalidEmailInvalidPassword" time="0.111">
    <failure type="java.lang.NullPointerException" message="Cannot invoke &amp;quot;org.openqa.selenium.SearchContext.findElement(org.openqa.selenium.By)&amp;quot; because &amp;quot;this.searchContext&amp;quot; is null">
      <![CDATA[java.lang.NullPointerException: Cannot invoke "org.openqa.selenium.SearchContext.findElement(org.openqa.selenium.By)" because "this.searchContext" is null
at org.openqa.selenium.support.pagefactory.DefaultElementLocator.findElement(DefaultElementLocator.java:69)
at org.openqa.selenium.support.pagefactory.internal.LocatingElementHandler.invoke(LocatingElementHandler.java:38)
at jdk.proxy2/jdk.proxy2.$Proxy15.sendKeys(Unknown Source)
at com.ProjectMain.Pages.LoginPage.setEmail(LoginPage.java:26)
at com.ProjectMain.Scripts.LoginTest.verifysigninInvalidEmailInvalidPassword(LoginTest.java:42)
at java.base/java.util.ArrayList.forEach(ArrayList.java:1511)
... Removed 27 stack frames]]>
    </failure>
  </testcase> <!-- verifysigninInvalidEmailInvalidPassword -->
  <testcase classname="com.ProjectMain.Scripts.LoginTest" name="verifysigninValidEmailValidPassword" time="0.003">
    <failure type="java.lang.NullPointerException" message="Cannot invoke &amp;quot;org.openqa.selenium.SearchContext.findElement(org.openqa.selenium.By)&amp;quot; because &amp;quot;this.searchContext&amp;quot; is null">
      <![CDATA[java.lang.NullPointerException: Cannot invoke "org.openqa.selenium.SearchContext.findElement(org.openqa.selenium.By)" because "this.searchContext" is null
at org.openqa.selenium.support.pagefactory.DefaultElementLocator.findElement(DefaultElementLocator.java:69)
at org.openqa.selenium.support.pagefactory.internal.LocatingElementHandler.invoke(LocatingElementHandler.java:38)
at jdk.proxy2/jdk.proxy2.$Proxy15.sendKeys(Unknown Source)
at com.ProjectMain.Pages.LoginPage.setEmail(LoginPage.java:26)
at com.ProjectMain.Scripts.LoginTest.verifysigninValidEmailValidPassword(LoginTest.java:55)
at java.base/java.util.ArrayList.forEach(ArrayList.java:1511)
... Removed 27 stack frames]]>
    </failure>
  </testcase> <!-- verifysigninValidEmailValidPassword -->
  <testcase classname="com.ProjectMain.Scripts.DashBoardTest" name="checkDash" time="0.027">
    <failure type="java.lang.NullPointerException" message="Cannot invoke &amp;quot;org.openqa.selenium.WebDriver.getTitle()&amp;quot; because &amp;quot;com.ProjectMain.Scripts.DashBoardTest.driver&amp;quot; is null">
      <![CDATA[java.lang.NullPointerException: Cannot invoke "org.openqa.selenium.WebDriver.getTitle()" because "com.ProjectMain.Scripts.DashBoardTest.driver" is null
at com.ProjectMain.Scripts.DashBoardTest.checkDash(DashBoardTest.java:26)
at java.base/java.util.ArrayList.forEach(ArrayList.java:1511)
... Removed 27 stack frames]]>
    </failure>
  </testcase> <!-- checkDash -->
  <testcase classname="com.ProjectMain.Scripts.DashBoardTest" name="checkTask" time="0.011">
    <failure type="java.lang.NullPointerException" message="Cannot invoke &amp;quot;org.openqa.selenium.SearchContext.findElement(org.openqa.selenium.By)&amp;quot; because &amp;quot;this.searchContext&amp;quot; is null">
      <![CDATA[java.lang.NullPointerException: Cannot invoke "org.openqa.selenium.SearchContext.findElement(org.openqa.selenium.By)" because "this.searchContext" is null
at org.openqa.selenium.support.pagefactory.DefaultElementLocator.findElement(DefaultElementLocator.java:69)
at org.openqa.selenium.support.pagefactory.internal.LocatingElementHandler.invoke(LocatingElementHandler.java:38)
at jdk.proxy2/jdk.proxy2.$Proxy15.click(Unknown Source)
at com.ProjectMain.Pages.DashBoardPage.task(DashBoardPage.java:56)
at com.ProjectMain.Scripts.DashBoardTest.checkTask(DashBoardTest.java:33)
at java.base/java.util.ArrayList.forEach(ArrayList.java:1511)
... Removed 27 stack frames]]>
    </failure>
  </testcase> <!-- checkTask -->
  <testcase classname="com.ProjectMain.Scripts.LoginTest" name="verifysigninInvalidEmailValidPassword" time="0.0">
    <ignored/>
  </testcase> <!-- verifysigninInvalidEmailValidPassword -->
  <testcase classname="com.ProjectMain.Scripts.DashBoardTest" name="clockin" time="0.0">
    <ignored/>
  </testcase> <!-- clockin -->
  <testcase classname="com.ProjectMain.Scripts.LoginTest" name="verifysigninValidEmailInvalidPassword" time="0.0">
    <ignored/>
  </testcase> <!-- verifysigninValidEmailInvalidPassword -->
  <testcase classname="com.ProjectMain.Scripts.TestBase" name="testBase" time="0.0">
    <ignored/>
  </testcase> <!-- testBase -->
  <testcase classname="com.ProjectMain.Scripts.TestBase" name="testBase" time="0.0">
    <ignored/>
  </testcase> <!-- testBase -->
  <testcase classname="com.ProjectMain.Scripts.DashBoardTest" name="postAdd" time="0.0">
    <ignored/>
  </testcase> <!-- postAdd -->
  <testcase classname="com.ProjectMain.Scripts.DashBoardTest" name="checkEvents" time="0.0">
    <ignored/>
  </testcase> <!-- checkEvents -->
  <testcase classname="com.ProjectMain.Scripts.DashBoardTest" name="checkProgress" time="0.0">
    <ignored/>
  </testcase> <!-- checkProgress -->
  <testcase classname="com.ProjectMain.Scripts.DashBoardTest" name="clockOut" time="0.0">
    <ignored/>
  </testcase> <!-- clockOut -->
</testsuite> <!-- sanitytest -->
